0 info it worked if it ends with ok
1 verbose cli [ '/home/viniciosarodrigues/.nvm/versions/node/v6.16.0/bin/node',
1 verbose cli   '/home/viniciosarodrigues/.nvm/versions/node/v6.16.0/bin/npm',
1 verbose cli   'run',
1 verbose cli   'prod-build' ]
2 info using npm@3.10.10
3 info using node@v6.16.0
4 verbose stack Error: ENOENT: no such file or directory, open '/home/viniciosarodrigues/git/gestao-de-prontuario/package.json'
4 verbose stack     at Error (native)
5 verbose cwd /home/viniciosarodrigues/git/gestao-de-prontuario
6 error Linux 5.13.0-44-generic
7 error argv "/home/viniciosarodrigues/.nvm/versions/node/v6.16.0/bin/node" "/home/viniciosarodrigues/.nvm/versions/node/v6.16.0/bin/npm" "run" "prod-build"
8 error node v6.16.0
9 error npm  v3.10.10
10 error path /home/viniciosarodrigues/git/gestao-de-prontuario/package.json
11 error code ENOENT
12 error errno -2
13 error syscall open
14 error enoent ENOENT: no such file or directory, open '/home/viniciosarodrigues/git/gestao-de-prontuario/package.json'
15 error enoent ENOENT: no such file or directory, open '/home/viniciosarodrigues/git/gestao-de-prontuario/package.json'
15 error enoent This is most likely not a problem with npm itself
15 error enoent and is related to npm not being able to find a file.
16 verbose exit [ -2, true ]
